<?xml version="1.0" encoding="UTF-8"?>
<testsuite name="com.spedd.workforcemgmt.WorkforcemgmtApplicationTests" tests="1" skipped="0" failures="0" errors="0" timestamp="2025-08-02T09:20:32.958Z" hostname="LAPTOP-4F126EK7" time="0.763">
  <properties/>
  <testcase name="contextLoads()" classname="com.spedd.workforcemgmt.WorkforcemgmtApplicationTests" time="0.763"/>
  <system-out><![CDATA[14:50:31.091 [Test worker] INFO org.springframework.test.context.support.AnnotationConfigContextLoaderUtils -- Could not detect default configuration classes for test class [com.spedd.workforcemgmt.WorkforcemgmtApplicationTests]: WorkforcemgmtApplicationTests does not declare any static, non-private, non-final, nested classes annotated with @Configuration.
14:50:31.226 [Test worker] INFO org.springframework.boot.test.context.SpringBootTestContextBootstrapper -- Found @SpringBootConfiguration com.spedd.workforcemgmt.WorkforcemgmtApplication for test class com.spedd.workforcemgmt.WorkforcemgmtApplicationTests

  .   ____          _            __ _ _
 /\\ / ___'_ __ _ _(_)_ __  __ _ \ \ \ \
( ( )\___ | '_ | '_| | '_ \/ _` | \ \ \ \
 \\/  ___)| |_)| | | | | || (_| |  ) ) ) )
  '  |____| .__|_| |_|_| |_\__, | / / / /
 =========|_|==============|___/=/_/_/_/

 :: Spring Boot ::                (v3.4.8)

2025-08-02T14:50:31.708+05:30  INFO 27224 --- [workforcemgmt] [    Test worker] c.s.w.WorkforcemgmtApplicationTests      : Starting WorkforcemgmtApplicationTests using Java 17.0.10 with PID 27224 (started by MANAS in C:\Users\MANAS\workforcemgmt)
2025-08-02T14:50:31.710+05:30  INFO 27224 --- [workforcemgmt] [    Test worker] c.s.w.WorkforcemgmtApplicationTests      : No active profile set, falling back to 1 default profile: "default"
2025-08-02T14:50:32.942+05:30  INFO 27224 --- [workforcemgmt] [    Test worker] c.s.w.WorkforcemgmtApplicationTests      : Started WorkforcemgmtApplicationTests in 1.549 seconds (process running for 2.815)
]]></system-out>
  <system-err><![CDATA[]]></system-err>
</testsuite>
